<?xml version="1.0" encoding="UTF-8"?>
<!-- Generated by org.testng.reporters.JUnitXMLReporter -->
<testsuite ignored="20" hostname="Attu" failures="0" tests="4" name="Default test" time="52.123" errors="0" timestamp="2022-03-27T10:43:12 IST">
  <testcase classname="runner.TC003_VerfiyFanPagesWorking" name="verifyFanPages" time="27.715"/>
  <testcase classname="runner.TC008_DownloadAndrodApp" name="downloadAndroidApp" time="6.689"/>
  <testcase classname="runner.TestRunner" name="myTest" time="0.002"/>
  <testcase classname="runner.TestRunner" name="myTest" time="0.007"/>
  <testcase classname="utility.BaseClass" name="@BeforeSuite extendReportSetup" time="0.0">
    <ignored/>
  </testcase> <!-- @BeforeSuite extendReportSetup -->
  <testcase classname="utility.BaseClass" name="@BeforeSuite extendReportSetup" time="0.0">
    <ignored/>
  </testcase> <!-- @BeforeSuite extendReportSetup -->
  <testcase classname="utility.BaseClass" name="@BeforeSuite extendReportSetup" time="0.0">
    <ignored/>
  </testcase> <!-- @BeforeSuite extendReportSetup -->
  <testcase classname="utility.BaseClass" name="@AfterSuite flush" time="0.0">
    <ignored/>
  </testcase> <!-- @AfterSuite flush -->
  <testcase classname="utility.BaseClass" name="@BeforeSuite extendReportSetup" time="0.0">
    <ignored/>
  </testcase> <!-- @BeforeSuite extendReportSetup -->
  <testcase classname="utility.BaseClass" name="@AfterSuite flush" time="0.0">
    <ignored/>
  </testcase> <!-- @AfterSuite flush -->
  <testcase classname="utility.BaseClass" name="@BeforeSuite extendReportSetup" time="0.0">
    <ignored/>
  </testcase> <!-- @BeforeSuite extendReportSetup -->
  <testcase classname="utility.BaseClass" name="@BeforeSuite extendReportSetup" time="0.0">
    <ignored/>
  </testcase> <!-- @BeforeSuite extendReportSetup -->
  <testcase classname="utility.BaseClass" name="@AfterSuite flush" time="0.0">
    <ignored/>
  </testcase> <!-- @AfterSuite flush -->
  <testcase classname="utility.BaseClass" name="@BeforeSuite extendReportSetup" time="0.0">
    <ignored/>
  </testcase> <!-- @BeforeSuite extendReportSetup -->
  <testcase classname="utility.BaseClass" name="@AfterSuite flush" time="0.0">
    <ignored/>
  </testcase> <!-- @AfterSuite flush -->
  <testcase classname="utility.BaseClass" name="@BeforeSuite extendReportSetup" time="0.0">
    <ignored/>
  </testcase> <!-- @BeforeSuite extendReportSetup -->
  <testcase classname="utility.BaseClass" name="@BeforeSuite extendReportSetup" time="0.0">
    <ignored/>
  </testcase> <!-- @BeforeSuite extendReportSetup -->
  <testcase classname="utility.BaseClass" name="@AfterSuite flush" time="0.0">
    <ignored/>
  </testcase> <!-- @AfterSuite flush -->
  <testcase classname="utility.BaseClass" name="@AfterSuite flush" time="0.0">
    <ignored/>
  </testcase> <!-- @AfterSuite flush -->
  <testcase classname="utility.BaseClass" name="@AfterSuite flush" time="0.0">
    <ignored/>
  </testcase> <!-- @AfterSuite flush -->
  <testcase classname="utility.BaseClass" name="@BeforeSuite extendReportSetup" time="0.0">
    <ignored/>
  </testcase> <!-- @BeforeSuite extendReportSetup -->
  <testcase classname="utility.BaseClass" name="@AfterSuite flush" time="0.0">
    <ignored/>
  </testcase> <!-- @AfterSuite flush -->
  <testcase classname="utility.BaseClass" name="@AfterSuite flush" time="0.0">
    <ignored/>
  </testcase> <!-- @AfterSuite flush -->
  <testcase classname="utility.BaseClass" name="@AfterSuite flush" time="0.0">
    <ignored/>
  </testcase> <!-- @AfterSuite flush -->
</testsuite> <!-- Default test -->
